INFO    : Building target print
INFO    : XSL conversion of /Users/kgteller/Desktop/PreText/new-pretext-project/source/main.ptx by /Users/kgteller/.ptx/2.36.0/core/xsl/utilities/pretext-enhanced-source.xsl
INFO    : successful application of /Users/kgteller/.ptx/2.36.0/core/xsl/utilities/pretext-enhanced-source.xsl
INFO    : Generating any needed assets.
INFO    : Finished generating assets.

INFO    : Preparing to build into /Users/kgteller/Desktop/PreText/new-pretext-project/output/print.
INFO    : discovering source file's directory name: /Users/kgteller/Desktop/PreText/new-pretext-project/source
INFO    : verifying and expanding input directory: /Users/kgteller/Desktop/PreText/new-pretext-project/source/../generated-assets
INFO    : input directory expanded to absolute path: /Users/kgteller/Desktop/PreText/new-pretext-project/generated-assets
INFO    : verifying and expanding input directory: /Users/kgteller/Desktop/PreText/new-pretext-project/source/../assets
INFO    : input directory expanded to absolute path: /Users/kgteller/Desktop/PreText/new-pretext-project/assets
INFO    : discovering source file's directory name: /Users/kgteller/Desktop/PreText/new-pretext-project/source
INFO    : XSL conversion of /Users/kgteller/Desktop/PreText/new-pretext-project/source/main.ptx by /Users/kgteller/.ptx/2.36.0/core/xsl/utilities/report-publisher-variables.xsl
INFO    : successful application of /Users/kgteller/.ptx/2.36.0/core/xsl/utilities/report-publisher-variables.xsl
INFO    : converting /Users/kgteller/Desktop/PreText/new-pretext-project/source/main.ptx to LaTeX as /var/folders/g9/mx1ss3_94w3cylvbn32x2dqxx6lm77/T/ptx-xfqt3ubw/main.tex
INFO    : XSL conversion of /Users/kgteller/Desktop/PreText/new-pretext-project/source/main.ptx by /Users/kgteller/.ptx/2.36.0/core/xsl/pretext-latex.xsl
INFO    : messages from the log for XSL processing:
INFO    : * PTX:INFO:   checking all deprecated elements.
INFO    : successful application of /Users/kgteller/.ptx/2.36.0/core/xsl/pretext-latex.xsl
INFO    : XSL conversion of /Users/kgteller/Desktop/PreText/new-pretext-project/source/main.ptx by /Users/kgteller/.ptx/2.36.0/core/xsl/utilities/report-publisher-variables.xsl
INFO    : successful application of /Users/kgteller/.ptx/2.36.0/core/xsl/utilities/report-publisher-variables.xsl
CRITICAL: PTX:ERROR: cannot locate executable with configuration name `LatexEngine.XELATEX` as command `xelatex`
***  Edit the configuration file  ("pretext.cfg" or "project.ptx") and/or install  ***
***  the necessary program and/or make sure the executable is on your PATH         ***
INFO    : ------------------------
CRITICAL: Failed to build without errors.  Exiting...
INFO    : 
----------------------------------------------------
INFO    : While running pretext, the following errors occurred:

INFO    : (see log messages above or in the 'logs' folder for more information)
INFO    : ----------------------------------------------------
