INFO    : Building target web
INFO    : XSL conversion of /Users/kgteller/Desktop/PreText/new-pretext-project/source/main.ptx by /Users/kgteller/.ptx/2.36.0/core/xsl/utilities/pretext-enhanced-source.xsl
INFO    : successful application of /Users/kgteller/.ptx/2.36.0/core/xsl/utilities/pretext-enhanced-source.xsl
INFO    : Generating any needed assets.
INFO    : converting latex-image pictures from /Users/kgteller/Desktop/PreText/new-pretext-project/source/main.ptx to svg graphics for placement in /Users/kgteller/Desktop/PreText/new-pretext-project/generated-assets/latex-image
INFO    : extracting latex-image pictures from /Users/kgteller/Desktop/PreText/new-pretext-project/source/main.ptx
INFO    : string parameters passed to extraction stylesheet: {'cli.version': '2.36', 'publisher': '/Users/kgteller/Desktop/PreText/new-pretext-project/publication/publication.ptx'}
INFO    : discovering source file's directory name: /Users/kgteller/Desktop/PreText/new-pretext-project/source
INFO    : verifying and expanding input directory: /Users/kgteller/Desktop/PreText/new-pretext-project/source/../generated-assets
INFO    : input directory expanded to absolute path: /Users/kgteller/Desktop/PreText/new-pretext-project/generated-assets
INFO    : verifying and expanding input directory: /Users/kgteller/Desktop/PreText/new-pretext-project/source/../assets
INFO    : input directory expanded to absolute path: /Users/kgteller/Desktop/PreText/new-pretext-project/assets
INFO    : discovering source file's directory name: /Users/kgteller/Desktop/PreText/new-pretext-project/source
INFO    : XSL conversion of /Users/kgteller/Desktop/PreText/new-pretext-project/source/main.ptx by /Users/kgteller/.ptx/2.36.0/core/xsl/extract-latex-image.xsl
INFO    : successful application of /Users/kgteller/.ptx/2.36.0/core/xsl/extract-latex-image.xsl
WARNING : PTX:ERROR: cannot locate executable with configuration name `LatexEngine.XELATEX` as command `xelatex`
***  Edit the configuration file  ("pretext.cfg" or "project.ptx") and/or install  ***
***  the necessary program and/or make sure the executable is on your PATH         ***
ERROR   : Unable to generate some latex-image assets:
 LaTeX compilation failed for 1 "latex-image"(s).
Review the log for error messages, and LaTeX transcripts.
Images are:
  tikz-example-diagram.tex
INFO    : Removing temporary directory /var/folders/g9/mx1ss3_94w3cylvbn32x2dqxx6lm77/T/ptx-gj3tq7mc
INFO    : Finished generating assets.

INFO    : Preparing to build into /Users/kgteller/Desktop/PreText/new-pretext-project/output/web.
WARNING : Node.js must be installed to build CSS files.  Please install node.js and npm.
 Will try to use prebuilt CSS files instead.
WARNING : Cannot find npm.  Will try to use prebuilt CSS files instead.
WARNING : Unable to install npm packages to build css files.  Non-default CSS themes require node.js and npm to be installed.  See https://pretextbook.org/doc/guide/html/node-and-npm.html
WARNING : 
INFO    : discovering source file's directory name: /Users/kgteller/Desktop/PreText/new-pretext-project/source
INFO    : verifying and expanding input directory: /Users/kgteller/Desktop/PreText/new-pretext-project/source/../generated-assets
INFO    : input directory expanded to absolute path: /Users/kgteller/Desktop/PreText/new-pretext-project/generated-assets
INFO    : verifying and expanding input directory: /Users/kgteller/Desktop/PreText/new-pretext-project/source/../assets
INFO    : input directory expanded to absolute path: /Users/kgteller/Desktop/PreText/new-pretext-project/assets
INFO    : discovering source file's directory name: /Users/kgteller/Desktop/PreText/new-pretext-project/source
INFO    : XSL conversion of /Users/kgteller/Desktop/PreText/new-pretext-project/source/main.ptx by /Users/kgteller/.ptx/2.36.0/core/xsl/utilities/report-publisher-variables.xsl
INFO    : successful application of /Users/kgteller/.ptx/2.36.0/core/xsl/utilities/report-publisher-variables.xsl
INFO    : Downloading rs services file from https://runestone.academy/cdn/runestone/latest/webpack_static_imports.xml.
INFO    : Runestone Services via online CDN query: version 7.11.11
INFO    : Downloading Runestone Services, version 7.11.11
INFO    : Extracting Runestone Services from archive file
INFO    : Node.js not available. Relying on prebuilt default-modern.
INFO    : Using prebuilt CSS theme: default-modern with options: {'options': {'primary-color': '#195684', 'secondary-color': '#932c1c'}, 'contrast-checks': {'primary-color': '#fff', 'secondary-color': '#fff', 'primary-color-dark': '#23241f'}}
INFO    : converting /Users/kgteller/Desktop/PreText/new-pretext-project/source/main.ptx to HTML in /var/folders/g9/mx1ss3_94w3cylvbn32x2dqxx6lm77/T/ptx-41rgg5ir
INFO    : XSL conversion of /Users/kgteller/Desktop/PreText/new-pretext-project/source/main.ptx by /Users/kgteller/.ptx/2.36.0/core/xsl/pretext-html.xsl
INFO    : messages from the log for XSL processing:
INFO    : * PTX:INFO:   checking all deprecated elements.
INFO    : successful application of /Users/kgteller/.ptx/2.36.0/core/xsl/pretext-html.xsl
INFO    : Removing temporary directory /var/folders/g9/mx1ss3_94w3cylvbn32x2dqxx6lm77/T/ptx-41rgg5ir
INFO    : Removing temporary directory /var/folders/g9/mx1ss3_94w3cylvbn32x2dqxx6lm77/T/ptx-djdf8t2c
INFO    : 
Finished build for target web. Run `pretext view web` to see the results.

CRITICAL: There were errors during the build.  See above.
INFO    : ------------------------
CRITICAL: Failed to build without errors.  Exiting...
INFO    : 
----------------------------------------------------
INFO    : While running pretext, the following errors occurred:

INFO    : (see log messages above or in the 'logs' folder for more information)
INFO    : ----------------------------------------------------
