INFO    : Staging deployment according to strategy pelican_default
INFO    : Staging `course` at `/Users/kgteller/Desktop/PreText/output/stage/course`.
INFO    : Staging generated site at `/Users/kgteller/Desktop/PreText/output/stage`.
INFO    : XSL conversion of /Users/kgteller/Desktop/PreText/source/main.ptx by /Users/kgteller/.ptx/2.36.0/core/xsl/utilities/pretext-enhanced-source.xsl
INFO    : successful application of /Users/kgteller/.ptx/2.36.0/core/xsl/utilities/pretext-enhanced-source.xsl
INFO    : Deployment is now staged at `/Users/kgteller/Desktop/PreText/output/stage`.
INFO    : Preparing to deploy from active `main` git branch.

INFO    : Changes to project source since last commit detected.
INFO    : Committing these changes to local Git repository.

INFO    : Committing your latest build to the `gh-pages` branch.
INFO    : 
INFO    : Attempting to connect to remote repository at `https://github.com/kgteller/PreText.git`...
INFO    : Latest build successfully pushed to GitHub!

INFO    : To enable GitHub Pages, visit
INFO    :     https://github.com/kgteller/PreText/settings/pages
INFO    : selecting the `gh-pages` branch with the `/ (root)` folder.

INFO    : Visit
INFO    :     https://github.com/kgteller/PreText/actions/
INFO    : to check on the status of your GitHub Pages deployment.

INFO    : Your built project will soon be available to the public at:
INFO    :     https://kgteller.github.io/PreText/
