INFO    : Since no target was supplied, we will use "course".

INFO    : Building target course
INFO    : XSL conversion of /Users/kgteller/Desktop/PreText/source/main.ptx by /Users/kgteller/.ptx/2.36.0/core/xsl/utilities/pretext-enhanced-source.xsl
INFO    : successful application of /Users/kgteller/.ptx/2.36.0/core/xsl/utilities/pretext-enhanced-source.xsl
INFO    : Generating any needed assets.
INFO    : Finished generating assets.

INFO    : Preparing to build into /Users/kgteller/Desktop/PreText/output/course.
WARNING : Node.js must be installed to build CSS files.  Please install node.js and npm.
 Will try to use prebuilt CSS files instead.
WARNING : Cannot find npm.  Will try to use prebuilt CSS files instead.
WARNING : Unable to install npm packages to build css files.  Non-default CSS themes require node.js and npm to be installed.  See https://pretextbook.org/doc/guide/html/node-and-npm.html
WARNING : 
INFO    : discovering source file's directory name: /Users/kgteller/Desktop/PreText/source
INFO    : verifying and expanding input directory: /Users/kgteller/Desktop/PreText/source/../generated-assets
INFO    : input directory expanded to absolute path: /Users/kgteller/Desktop/PreText/generated-assets
INFO    : verifying and expanding input directory: /Users/kgteller/Desktop/PreText/source/../assets
INFO    : input directory expanded to absolute path: /Users/kgteller/Desktop/PreText/assets
INFO    : discovering source file's directory name: /Users/kgteller/Desktop/PreText/source
INFO    : XSL conversion of /Users/kgteller/Desktop/PreText/source/main.ptx by /Users/kgteller/.ptx/2.36.0/core/xsl/utilities/report-publisher-variables.xsl
INFO    : successful application of /Users/kgteller/.ptx/2.36.0/core/xsl/utilities/report-publisher-variables.xsl
INFO    : Downloading rs services file from https://runestone.academy/cdn/runestone/latest/webpack_static_imports.xml.
INFO    : Runestone Services via online CDN query: version 7.11.11
INFO    : Downloading Runestone Services, version 7.11.11
INFO    : Extracting Runestone Services from archive file
ERROR   : Node.js is required to build themes other than default-modern. Make sure it is installed and in your PATH. Then do 'npm install' in the pretext/script/cssbuilder directory. https://pretextbook.org/doc/guide/html/node-and-npm.html
CRITICAL: PTX:ERROR: cannot locate executable with configuration name `node` as command `node`
***  Edit the configuration file  ("pretext.cfg" or "project.ptx") and/or install  ***
***  the necessary program and/or make sure the executable is on your PATH         ***
INFO    : ------------------------
CRITICAL: Failed to build without errors.  Exiting...
INFO    : 
----------------------------------------------------
INFO    : While running pretext, the following errors occurred:

INFO    : (see log messages above or in the 'logs' folder for more information)
INFO    : ----------------------------------------------------
