INFO    : Now preparing local server to preview your project directory `/Users/kgteller/Desktop/PreText`.
INFO    :   (Reminder: use `pretext deploy` to deploy your built project to a public
INFO    :   GitHub Pages site that can be shared with readers who cannot access your
INFO    :   personal computer.)
INFO    : 
INFO    : starting server ...
INFO    : setting up PreTeXt web server ...
INFO    : Added pretext web server entry aaad763237 50134 8132 localhost

INFO    : Server will soon be available at http://localhost:8132
INFO    : Opening browser for target `course` at http://localhost:8132/output/course
WARNING : Port 8132 could not be used.
WARNING : Trying port 8133 instead.

WARNING : Port 8133 could not be used.
WARNING : Trying port 8134 instead.

WARNING : Port 8134 could not be used.
WARNING : Trying port 8135 instead.

WARNING : Port 8135 could not be used.
WARNING : Trying port 8136 instead.

INFO    : Added pretext web server entry aaad763237 50134 8136 localhost

INFO    : Server will soon be available at http://localhost:8136
INFO    : Opening browser for target `course` at http://localhost:8136/output/course
WARNING : Port 8136 could not be used.
WARNING : Trying port 8137 instead.

INFO    : Added pretext web server entry aaad763237 50134 8137 localhost

INFO    : Server will soon be available at http://localhost:8137
INFO    : Opening browser for target `course` at http://localhost:8137/output/course
WARNING : Port 8137 could not be used.
WARNING : Trying port 8138 instead.

INFO    : Added pretext web server entry aaad763237 50134 8138 localhost

INFO    : Server will soon be available at http://localhost:8138
INFO    : Opening browser for target `course` at http://localhost:8138/output/course
WARNING : Port 8138 could not be used.
WARNING : Trying port 8139 instead.

INFO    : Added pretext web server entry aaad763237 50134 8139 localhost

INFO    : Server will soon be available at http://localhost:8139
INFO    : Opening browser for target `course` at http://localhost:8139/output/course
WARNING : Port 8139 could not be used.
WARNING : Trying port 8140 instead.

INFO    : Added pretext web server entry aaad763237 50134 8140 localhost

INFO    : Server will soon be available at http://localhost:8140
INFO    : Opening browser for target `course` at http://localhost:8140/output/course
WARNING : Port 8140 could not be used.
WARNING : Trying port 8141 instead.

INFO    : Added pretext web server entry aaad763237 50134 8141 localhost

INFO    : Server will soon be available at http://localhost:8141
INFO    : Opening browser for target `course` at http://localhost:8141/output/course
WARNING : Port 8141 could not be used.
WARNING : Trying port 8142 instead.

INFO    : Added pretext web server entry aaad763237 50134 8142 localhost

INFO    : Server will soon be available at http://localhost:8142
INFO    : Opening browser for target `course` at http://localhost:8142/output/course
WARNING : Port 8142 could not be used.
WARNING : Trying port 8143 instead.

INFO    : There are 10 or more servers on file. Cleaning up ...
INFO    : Found PreTeXt web server at localhost:8128
