INFO    : Since no target was supplied, we will use "course".

INFO    : Building target course
INFO    : XSL conversion of /Users/kgteller/Desktop/PreText/source/main.ptx by /Users/kgteller/.ptx/2.36.0/core/xsl/utilities/pretext-enhanced-source.xsl
INFO    : successful application of /Users/kgteller/.ptx/2.36.0/core/xsl/utilities/pretext-enhanced-source.xsl
INFO    : Generating any needed assets.
INFO    : Finished generating assets.

INFO    : Preparing to build into /Users/kgteller/Desktop/PreText/output/course.
INFO    : discovering source file's directory name: /Users/kgteller/Desktop/PreText/source
INFO    : verifying and expanding input directory: /Users/kgteller/Desktop/PreText/source/../generated-assets
INFO    : input directory expanded to absolute path: /Users/kgteller/Desktop/PreText/generated-assets
INFO    : verifying and expanding input directory: /Users/kgteller/Desktop/PreText/source/../assets
INFO    : input directory expanded to absolute path: /Users/kgteller/Desktop/PreText/assets
INFO    : discovering source file's directory name: /Users/kgteller/Desktop/PreText/source
INFO    : XSL conversion of /Users/kgteller/Desktop/PreText/source/main.ptx by /Users/kgteller/.ptx/2.36.0/core/xsl/utilities/report-publisher-variables.xsl
INFO    : successful application of /Users/kgteller/.ptx/2.36.0/core/xsl/utilities/report-publisher-variables.xsl
INFO    : Downloading rs services file from https://runestone.academy/cdn/runestone/latest/webpack_static_imports.xml.
INFO    : Runestone Services via online CDN query: version 7.11.11
INFO    : Downloading Runestone Services, version 7.11.11
INFO    : Extracting Runestone Services from archive file
INFO    : Building custom css theme: theme-denver
INFO    : converting /Users/kgteller/Desktop/PreText/source/main.ptx to HTML in /var/folders/g9/mx1ss3_94w3cylvbn32x2dqxx6lm77/T/ptx-xx6qzthf
INFO    : XSL conversion of /Users/kgteller/Desktop/PreText/source/main.ptx by /Users/kgteller/.ptx/2.36.0/core/xsl/pretext-html.xsl
INFO    : messages from the log for XSL processing:
INFO    : * PTX:INFO:   checking all deprecated elements.
INFO    : successful application of /Users/kgteller/.ptx/2.36.0/core/xsl/pretext-html.xsl
INFO    : Removing temporary directory /var/folders/g9/mx1ss3_94w3cylvbn32x2dqxx6lm77/T/ptx-xx6qzthf
INFO    : Removing temporary directory /var/folders/g9/mx1ss3_94w3cylvbn32x2dqxx6lm77/T/ptx-rin1emk2
INFO    : 
Finished build for target course. Run `pretext view course` to see the results.

INFO    : 
Success!  Built requested target(s) without errors.

INFO    : 
